<?xml version="1.0" encoding="UTF-8"?>
<!-- Generated by org.testng.reporters.JUnitXMLReporter -->
<testsuite ignored="0" hostname="LAPTOP-1NBFCQEH" failures="0" tests="3" name="Test-1" time="6.772" errors="0" timestamp="2025-01-23T18:32:36 IST">
  <testcase classname="com.vtiger.BaseClassUtility.BaseTest" name="@BeforeMethod Login" time="3.791">
    <failure type="org.openqa.selenium.StaleElementReferenceException" message="stale element reference: stale element not found
  (Session info: chrome=132.0.6834.83)
For documentation on this error, please visit: https://www.selenium.dev/documentation/webdriver/troubleshooting/errors#stale-element-reference-exception
Build info: version: &amp;apos;4.13.0&amp;apos;, revision: &amp;apos;ba948ece5b*&amp;apos;
System info: os.name: &amp;apos;Windows 11&amp;apos;, os.arch: &amp;apos;amd64&amp;apos;, os.version: &amp;apos;10.0&amp;apos;, java.version: &amp;apos;17.0.10&amp;apos;
Driver info: org.openqa.selenium.chrome.ChromeDriver
Command: [db6faabf5a024933bc1b397d8c286ddb, clickElement {id=f.911B68ED17CB1A0B511E6D8690855A19.d.88738CA3E8C4FF1D1B3B566D4E62DDE4.e.43}]
Capabilities {acceptInsecureCerts: false, browserName: chrome, browserVersion: 132.0.6834.83, chrome: {chromedriverVersion: 132.0.6834.110 (df453a35f09..., userDataDir: C:\Users\KALLEM~1\AppData\L...}, fedcm:accounts: true, goog:chromeOptions: {debuggerAddress: localhost:64022}, networkConnectionEnabled: false, pageLoadStrategy: normal, platformName: windows, proxy: Proxy(), se:cdp: ws://localhost:64022/devtoo..., se:cdpVersion: 132.0.6834.83, setWindowRect: true, strictFileInteractability: false, timeouts: {implicit: 0, pageLoad: 300000, script: 30000}, unhandledPromptBehavior: dismiss and notify, webauthn:extension:credBlob: true, webauthn:extension:largeBlob: true, webauthn:extension:minPinLength: true, webauthn:extension:prf: true, webauthn:virtualAuthenticators: true}
Element: [[ChromeDriver: chrome on windows (db6faabf5a024933bc1b397d8c286ddb)] -&amp;gt; id: submitButton]
Session ID: db6faabf5a024933bc1b397d8c286ddb">
      <![CDATA[org.openqa.selenium.StaleElementReferenceException: stale element reference: stale element not found
  (Session info: chrome=132.0.6834.83)
For documentation on this error, please visit: https://www.selenium.dev/documentation/webdriver/troubleshooting/errors#stale-element-reference-exception
Build info: version: '4.13.0', revision: 'ba948ece5b*'
System info: os.name: 'Windows 11', os.arch: 'amd64', os.version: '10.0', java.version: '17.0.10'
Driver info: org.openqa.selenium.chrome.ChromeDriver
Command: [db6faabf5a024933bc1b397d8c286ddb, clickElement {id=f.911B68ED17CB1A0B511E6D8690855A19.d.88738CA3E8C4FF1D1B3B566D4E62DDE4.e.43}]
Capabilities {acceptInsecureCerts: false, browserName: chrome, browserVersion: 132.0.6834.83, chrome: {chromedriverVersion: 132.0.6834.110 (df453a35f09..., userDataDir: C:\Users\KALLEM~1\AppData\L...}, fedcm:accounts: true, goog:chromeOptions: {debuggerAddress: localhost:64022}, networkConnectionEnabled: false, pageLoadStrategy: normal, platformName: windows, proxy: Proxy(), se:cdp: ws://localhost:64022/devtoo..., se:cdpVersion: 132.0.6834.83, setWindowRect: true, strictFileInteractability: false, timeouts: {implicit: 0, pageLoad: 300000, script: 30000}, unhandledPromptBehavior: dismiss and notify, webauthn:extension:credBlob: true, webauthn:extension:largeBlob: true, webauthn:extension:minPinLength: true, webauthn:extension:prf: true, webauthn:virtualAuthenticators: true}
Element: [[ChromeDriver: chrome on windows (db6faabf5a024933bc1b397d8c286ddb)] -> id: submitButton]
Session ID: db6faabf5a024933bc1b397d8c286ddb
at org.openqa.selenium.remote.codec.w3c.W3CHttpResponseCodec.createException(W3CHttpResponseCodec.java:200)
at org.openqa.selenium.remote.codec.w3c.W3CHttpResponseCodec.decode(W3CHttpResponseCodec.java:133)
at org.openqa.selenium.remote.codec.w3c.W3CHttpResponseCodec.decode(W3CHttpResponseCodec.java:52)
at org.openqa.selenium.remote.HttpCommandExecutor.execute(HttpCommandExecutor.java:191)
at org.openqa.selenium.remote.service.DriverCommandExecutor.invokeExecute(DriverCommandExecutor.java:196)
at org.openqa.selenium.remote.service.DriverCommandExecutor.execute(DriverCommandExecutor.java:171)
at org.openqa.selenium.remote.RemoteWebDriver.execute(RemoteWebDriver.java:602)
at org.openqa.selenium.remote.RemoteWebElement.execute(RemoteWebElement.java:224)
at org.openqa.selenium.remote.RemoteWebElement.click(RemoteWebElement.java:77)
at org.openqa.selenium.support.pagefactory.internal.LocatingElementHandler.invoke(LocatingElementHandler.java:51)
at jdk.proxy2/jdk.proxy2.$Proxy23.click(Unknown Source)
at com.vtiger.PageRepository.LoginPage.LoginToApp(LoginPage.java:53)
at com.vtiger.BaseClassUtility.BaseTest.Login(BaseTest.java:102)
at java.base/java.util.ArrayList.forEach(ArrayList.java:1511)
at java.base/java.util.concurrent.FutureTask.run(FutureTask.java:264)
at java.base/java.util.concurrent.ThreadPoolExecutor.runWorker(ThreadPoolExecutor.java:1136)
at java.base/java.util.concurrent.ThreadPoolExecutor$Worker.run(ThreadPoolExecutor.java:635)
at java.base/java.lang.Thread.run(Thread.java:840)
... Removed 30 stack frames]]>
    </failure>
  </testcase> <!-- @BeforeMethod Login -->
  <testcase classname="com.vtiger.BaseClassUtility.BaseTest" name="@AfterMethod SignOut" time="0.0">
    <skipped/>
  </testcase> <!-- @AfterMethod SignOut -->
  <testcase classname="com.vtiger.BaseClassUtility.BaseTest" name="@BeforeMethod Login" time="0.0">
    <skipped/>
  </testcase> <!-- @BeforeMethod Login -->
  <testcase classname="com.vtiger.BaseClassUtility.BaseTest" name="@AfterMethod SignOut" time="0.0">
    <skipped/>
  </testcase> <!-- @AfterMethod SignOut -->
  <testcase classname="com.vtiger.BaseClassUtility.BaseTest" name="@BeforeMethod Login" time="0.0">
    <skipped/>
  </testcase> <!-- @BeforeMethod Login -->
  <testcase classname="com.vtiger.BaseClassUtility.BaseTest" name="@AfterMethod SignOut" time="0.0">
    <skipped/>
  </testcase> <!-- @AfterMethod SignOut -->
  <testcase classname="com.vtiger.BaseClassUtility.BaseTest" name="@AfterClass CloseTheBrowser" time="0.0">
    <skipped/>
  </testcase> <!-- @AfterClass CloseTheBrowser -->
  <testcase classname="com.vtiger.Organization.CreateOrganizationTest" name="createOrg" time="0.0">
    <skipped/>
  </testcase> <!-- createOrg -->
  <testcase classname="com.vtiger.Organization.CreateOrganizationTest" name="createOrgWithIndustries" time="0.0">
    <skipped/>
  </testcase> <!-- createOrgWithIndustries -->
  <testcase classname="com.vtiger.Organization.CreateOrganizationTest" name="createOrgWithPhone" time="0.0">
    <skipped/>
  </testcase> <!-- createOrgWithPhone -->
</testsuite> <!-- Test-1 -->
